<?xml version="1.0" encoding="UTF-8"?>
<!-- Generated by org.testng.reporters.JUnitReportReporter -->
<testsuite hostname="LAPTOP-HO2AT0S9" failures="0" tests="1" name="test_class_package.post_TC1" time="3.265" errors="0" timestamp="2025-04-03T16:25:02 IST" skipped="0">
  <testcase classname="test_class_package.post_TC1" name="create" time="3.265"/>
  <system-out/>
</testsuite> <!-- test_class_package.post_TC1 -->
